<Event xmlns='http://schemas.microsoft.com/win/2004/08/events/event'><System><Provider Name='Microsoft-Windows-Sysmon' Guid='{5770385f-c22a-43e0-bf4c-06f5698ffbd9}'/><EventID>1</EventID><Version>5</Version><Level>4</Level><Task>1</Task><Opcode>0</Opcode><Keywords>0x8000000000000000</Keywords><TimeCreated SystemTime='2025-09-04T18:37:00.0966916Z'/><EventRecordID>20404</EventRecordID><Correlation/><Execution ProcessID='2724' ThreadID='3704'/><Channel>Microsoft-Windows-Sysmon/Operational</Channel><Computer>LAB8</Computer><Security UserID='S-1-5-18'/></System><EventData><Data Name='RuleName'>-</Data><Data Name='UtcTime'>2025-09-04 18:37:00.096</Data><Data Name='ProcessGuid'>{b8c205e9-dc4c-68b9-752f-000000000500}</Data><Data Name='ProcessId'>1484</Data><Data Name='Image'>C:\Windows\System32\attrib.exe</Data><Data Name='FileVersion'>10.0.20348.1 (WinBuild.160101.0800)</Data><Data Name='Description'>Attribute Utility</Data><Data Name='Product'>Microsoft® Windows® Operating System</Data><Data Name='Company'>Microsoft Corporation</Data><Data Name='OriginalFileName'>ATTRIB.EXE</Data><Data Name='CommandLine'>attrib.exe  +h C:\Users\ADMINI~1\AppData\Local\Temp\T1222.001_attrib_2\T1222.001_attrib2.txt</Data><Data Name='CurrentDirectory'>C:\Windows\system32\</Data><Data Name='User'>LAB8\Administrator</Data><Data Name='LogonGuid'>{b8c205e9-d760-68b8-6fde-0b0000000000}</Data><Data Name='LogonId'>0xbde6f</Data><Data Name='TerminalSessionId'>0</Data><Data Name='IntegrityLevel'>High</Data><Data Name='Hashes'>MD5=634EDE983DBD69E41EB9782817942386,SHA256=DF4A72A242BDEC0F7B89506BE20894CCB03A170ED71EC950EAF20E975D57AD51,IMPHASH=2CB38FE7D8F223D9DA50B7CBA9B95A6D</Data><Data Name='ParentProcessGuid'>{b8c205e9-dc4c-68b9-732f-000000000500}</Data><Data Name='ParentProcessId'>4720</Data><Data Name='ParentImage'>C:\Windows\System32\cmd.exe</Data><Data Name='ParentCommandLine'>cmd.exe /C mkdir %temp%\T1222.001_attrib_2 &gt;nul 2&gt;&amp;1 &amp;&amp; echo T1222.001_attrib1 &gt;&gt; %temp%\T1222.001_attrib_2\T1222.001_attrib1.txt &amp;&amp; echo T1222.001_attrib2 &gt;&gt; %temp%\T1222.001_attrib_2\T1222.001_attrib2.txt &amp;&amp; attrib.exe +h %temp%\T1222.001_attrib_2\T1222.001_attrib1.txt &amp;&amp; attrib.exe +h %temp%\T1222.001_attrib_2\T1222.001_attrib2.txt</Data><Data Name='ParentUser'>LAB8\Administrator</Data></EventData></Event>
<Event xmlns='http://schemas.microsoft.com/win/2004/08/events/event'><System><Provider Name='Microsoft-Windows-Sysmon' Guid='{5770385f-c22a-43e0-bf4c-06f5698ffbd9}'/><EventID>1</EventID><Version>5</Version><Level>4</Level><Task>1</Task><Opcode>0</Opcode><Keywords>0x8000000000000000</Keywords><TimeCreated SystemTime='2025-09-04T18:37:00.0929426Z'/><EventRecordID>20403</EventRecordID><Correlation/><Execution ProcessID='2724' ThreadID='3704'/><Channel>Microsoft-Windows-Sysmon/Operational</Channel><Computer>LAB8</Computer><Security UserID='S-1-5-18'/></System><EventData><Data Name='RuleName'>-</Data><Data Name='UtcTime'>2025-09-04 18:37:00.092</Data><Data Name='ProcessGuid'>{b8c205e9-dc4c-68b9-742f-000000000500}</Data><Data Name='ProcessId'>4400</Data><Data Name='Image'>C:\Windows\System32\attrib.exe</Data><Data Name='FileVersion'>10.0.20348.1 (WinBuild.160101.0800)</Data><Data Name='Description'>Attribute Utility</Data><Data Name='Product'>Microsoft® Windows® Operating System</Data><Data Name='Company'>Microsoft Corporation</Data><Data Name='OriginalFileName'>ATTRIB.EXE</Data><Data Name='CommandLine'>attrib.exe  +h C:\Users\ADMINI~1\AppData\Local\Temp\T1222.001_attrib_2\T1222.001_attrib1.txt </Data><Data Name='CurrentDirectory'>C:\Windows\system32\</Data><Data Name='User'>LAB8\Administrator</Data><Data Name='LogonGuid'>{b8c205e9-d760-68b8-6fde-0b0000000000}</Data><Data Name='LogonId'>0xbde6f</Data><Data Name='TerminalSessionId'>0</Data><Data Name='IntegrityLevel'>High</Data><Data Name='Hashes'>MD5=634EDE983DBD69E41EB9782817942386,SHA256=DF4A72A242BDEC0F7B89506BE20894CCB03A170ED71EC950EAF20E975D57AD51,IMPHASH=2CB38FE7D8F223D9DA50B7CBA9B95A6D</Data><Data Name='ParentProcessGuid'>{b8c205e9-dc4c-68b9-732f-000000000500}</Data><Data Name='ParentProcessId'>4720</Data><Data Name='ParentImage'>C:\Windows\System32\cmd.exe</Data><Data Name='ParentCommandLine'>cmd.exe /C mkdir %temp%\T1222.001_attrib_2 &gt;nul 2&gt;&amp;1 &amp;&amp; echo T1222.001_attrib1 &gt;&gt; %temp%\T1222.001_attrib_2\T1222.001_attrib1.txt &amp;&amp; echo T1222.001_attrib2 &gt;&gt; %temp%\T1222.001_attrib_2\T1222.001_attrib2.txt &amp;&amp; attrib.exe +h %temp%\T1222.001_attrib_2\T1222.001_attrib1.txt &amp;&amp; attrib.exe +h %temp%\T1222.001_attrib_2\T1222.001_attrib2.txt</Data><Data Name='ParentUser'>LAB8\Administrator</Data></EventData></Event>
<Event xmlns='http://schemas.microsoft.com/win/2004/08/events/event'><System><Provider Name='Microsoft-Windows-Sysmon' Guid='{5770385f-c22a-43e0-bf4c-06f5698ffbd9}'/><EventID>1</EventID><Version>5</Version><Level>4</Level><Task>1</Task><Opcode>0</Opcode><Keywords>0x8000000000000000</Keywords><TimeCreated SystemTime='2025-09-04T18:16:32.9540140Z'/><EventRecordID>20026</EventRecordID><Correlation/><Execution ProcessID='2724' ThreadID='3704'/><Channel>Microsoft-Windows-Sysmon/Operational</Channel><Computer>LAB8</Computer><Security UserID='S-1-5-18'/></System><EventData><Data Name='RuleName'>-</Data><Data Name='UtcTime'>2025-09-04 18:16:32.953</Data><Data Name='ProcessGuid'>{b8c205e9-d780-68b9-632e-000000000500}</Data><Data Name='ProcessId'>5864</Data><Data Name='Image'>C:\Windows\System32\attrib.exe</Data><Data Name='FileVersion'>10.0.20348.1 (WinBuild.160101.0800)</Data><Data Name='Description'>Attribute Utility</Data><Data Name='Product'>Microsoft® Windows® Operating System</Data><Data Name='Company'>Microsoft Corporation</Data><Data Name='OriginalFileName'>ATTRIB.EXE</Data><Data Name='CommandLine'>attrib.exe  +h C:\Users\ADMINI~1\AppData\Local\Temp\2\T1564.001.txt</Data><Data Name='CurrentDirectory'>C:\Users\ADMINI~1\AppData\Local\Temp\2\</Data><Data Name='User'>LAB8\Administrator</Data><Data Name='LogonGuid'>{b8c205e9-d810-68b8-e368-100000000000}</Data><Data Name='LogonId'>0x1068e3</Data><Data Name='TerminalSessionId'>2</Data><Data Name='IntegrityLevel'>High</Data><Data Name='Hashes'>MD5=634EDE983DBD69E41EB9782817942386,SHA256=DF4A72A242BDEC0F7B89506BE20894CCB03A170ED71EC950EAF20E975D57AD51,IMPHASH=2CB38FE7D8F223D9DA50B7CBA9B95A6D</Data><Data Name='ParentProcessGuid'>{b8c205e9-d780-68b9-612e-000000000500}</Data><Data Name='ParentProcessId'>6508</Data><Data Name='ParentImage'>C:\Windows\System32\cmd.exe</Data><Data Name='ParentCommandLine'>"cmd.exe" /c attrib.exe +h %temp%\T1564.001.txt</Data><Data Name='ParentUser'>LAB8\Administrator</Data></EventData></Event>
<Event xmlns='http://schemas.microsoft.com/win/2004/08/events/event'><System><Provider Name='Microsoft-Windows-Sysmon' Guid='{5770385f-c22a-43e0-bf4c-06f5698ffbd9}'/><EventID>1</EventID><Version>5</Version><Level>4</Level><Task>1</Task><Opcode>0</Opcode><Keywords>0x8000000000000000</Keywords><TimeCreated SystemTime='2025-09-04T18:14:40.2005300Z'/><EventRecordID>19982</EventRecordID><Correlation/><Execution ProcessID='2724' ThreadID='3704'/><Channel>Microsoft-Windows-Sysmon/Operational</Channel><Computer>LAB8</Computer><Security UserID='S-1-5-18'/></System><EventData><Data Name='RuleName'>-</Data><Data Name='UtcTime'>2025-09-04 18:14:40.199</Data><Data Name='ProcessGuid'>{b8c205e9-d710-68b9-482e-000000000500}</Data><Data Name='ProcessId'>6540</Data><Data Name='Image'>C:\Windows\System32\attrib.exe</Data><Data Name='FileVersion'>10.0.20348.1 (WinBuild.160101.0800)</Data><Data Name='Description'>Attribute Utility</Data><Data Name='Product'>Microsoft® Windows® Operating System</Data><Data Name='Company'>Microsoft Corporation</Data><Data Name='OriginalFileName'>ATTRIB.EXE</Data><Data Name='CommandLine'>attrib.exe  +h C:\Users\ADMINI~1\AppData\Local\Temp\2\T1564.001.txt</Data><Data Name='CurrentDirectory'>C:\Users\ADMINI~1\AppData\Local\Temp\2\</Data><Data Name='User'>LAB8\Administrator</Data><Data Name='LogonGuid'>{b8c205e9-d810-68b8-e368-100000000000}</Data><Data Name='LogonId'>0x1068e3</Data><Data Name='TerminalSessionId'>2</Data><Data Name='IntegrityLevel'>High</Data><Data Name='Hashes'>MD5=634EDE983DBD69E41EB9782817942386,SHA256=DF4A72A242BDEC0F7B89506BE20894CCB03A170ED71EC950EAF20E975D57AD51,IMPHASH=2CB38FE7D8F223D9DA50B7CBA9B95A6D</Data><Data Name='ParentProcessGuid'>{b8c205e9-d710-68b9-462e-000000000500}</Data><Data Name='ParentProcessId'>1936</Data><Data Name='ParentImage'>C:\Windows\System32\cmd.exe</Data><Data Name='ParentCommandLine'>"cmd.exe" /c attrib.exe +h %temp%\T1564.001.txt</Data><Data Name='ParentUser'>LAB8\Administrator</Data></EventData></Event>
