<Event xmlns='http://schemas.microsoft.com/win/2004/08/events/event'><System><Provider Name='Microsoft-Windows-Sysmon' Guid='{5770385f-c22a-43e0-bf4c-06f5698ffbd9}'/><EventID>1</EventID><Version>5</Version><Level>4</Level><Task>1</Task><Opcode>0</Opcode><Keywords>0x8000000000000000</Keywords><TimeCreated SystemTime='2025-09-04T18:25:13.7852828Z'/><EventRecordID>20185</EventRecordID><Correlation/><Execution ProcessID='2724' ThreadID='3704'/><Channel>Microsoft-Windows-Sysmon/Operational</Channel><Computer>LAB8</Computer><Security UserID='S-1-5-18'/></System><EventData><Data Name='RuleName'>-</Data><Data Name='UtcTime'>2025-09-04 18:25:13.784</Data><Data Name='ProcessGuid'>{b8c205e9-d989-68b9-d72e-000000000500}</Data><Data Name='ProcessId'>5560</Data><Data Name='Image'>C:\Windows\System32\cmd.exe</Data><Data Name='FileVersion'>10.0.20348.1 (WinBuild.160101.0800)</Data><Data Name='Description'>Windows Command Processor</Data><Data Name='Product'>Microsoft® Windows® Operating System</Data><Data Name='Company'>Microsoft Corporation</Data><Data Name='OriginalFileName'>Cmd.Exe</Data><Data Name='CommandLine'>cmd.exe  /C whoami </Data><Data Name='CurrentDirectory'>C:\Users\ADMINI~1\AppData\Local\Temp\2\</Data><Data Name='User'>LAB8\Administrator</Data><Data Name='LogonGuid'>{b8c205e9-d810-68b8-e368-100000000000}</Data><Data Name='LogonId'>0x1068e3</Data><Data Name='TerminalSessionId'>2</Data><Data Name='IntegrityLevel'>High</Data><Data Name='Hashes'>MD5=E7A6B1F51EFB405287A8048CFA4690F4,SHA256=EB71EA69DD19F728AB9240565E8C7EFB59821E19E3788E289301E1E74940C208,IMPHASH=D60B77062898DC6BFAE7FE11A0F8806C</Data><Data Name='ParentProcessGuid'>{b8c205e9-d989-68b9-d52e-000000000500}</Data><Data Name='ParentProcessId'>4552</Data><Data Name='ParentImage'>C:\Windows\System32\cmd.exe</Data><Data Name='ParentCommandLine'>"cmd.exe" /c cmd.exe /C whoami &amp; wmic useraccount get /ALL &amp; quser /SERVER:"localhost" &amp; quser &amp; qwinsta.exe /server:localhost &amp; qwinsta.exe &amp; for /F "tokens=1,2" %i in ('qwinsta /server:localhost ^| findstr "Active Disc"') do @echo %i | find /v "#" | find /v "console" || echo %j &gt; computers.txt &amp; @FOR /F %n in (computers.txt) DO @FOR /F "tokens=1,2" %i in ('qwinsta /server:%n ^| findstr "Active Disc"') do @echo %i | find /v "#" | find /v "console" || echo %j &gt; usernames.txt</Data><Data Name='ParentUser'>LAB8\Administrator</Data></EventData></Event>
<Event xmlns='http://schemas.microsoft.com/win/2004/08/events/event'><System><Provider Name='Microsoft-Windows-Sysmon' Guid='{5770385f-c22a-43e0-bf4c-06f5698ffbd9}'/><EventID>1</EventID><Version>5</Version><Level>4</Level><Task>1</Task><Opcode>0</Opcode><Keywords>0x8000000000000000</Keywords><TimeCreated SystemTime='2025-09-04T18:25:13.7668232Z'/><EventRecordID>20184</EventRecordID><Correlation/><Execution ProcessID='2724' ThreadID='3704'/><Channel>Microsoft-Windows-Sysmon/Operational</Channel><Computer>LAB8</Computer><Security UserID='S-1-5-18'/></System><EventData><Data Name='RuleName'>-</Data><Data Name='UtcTime'>2025-09-04 18:25:13.765</Data><Data Name='ProcessGuid'>{b8c205e9-d989-68b9-d52e-000000000500}</Data><Data Name='ProcessId'>4552</Data><Data Name='Image'>C:\Windows\System32\cmd.exe</Data><Data Name='FileVersion'>10.0.20348.1 (WinBuild.160101.0800)</Data><Data Name='Description'>Windows Command Processor</Data><Data Name='Product'>Microsoft® Windows® Operating System</Data><Data Name='Company'>Microsoft Corporation</Data><Data Name='OriginalFileName'>Cmd.Exe</Data><Data Name='CommandLine'>"cmd.exe" /c cmd.exe /C whoami &amp; wmic useraccount get /ALL &amp; quser /SERVER:"localhost" &amp; quser &amp; qwinsta.exe /server:localhost &amp; qwinsta.exe &amp; for /F "tokens=1,2" %%i in ('qwinsta /server:localhost ^| findstr "Active Disc"') do @echo %%i | find /v "#" | find /v "console" || echo %%j &gt; computers.txt &amp; @FOR /F %%n in (computers.txt) DO @FOR /F "tokens=1,2" %%i in ('qwinsta /server:%%n ^| findstr "Active Disc"') do @echo %%i | find /v "#" | find /v "console" || echo %%j &gt; usernames.txt</Data><Data Name='CurrentDirectory'>C:\Users\ADMINI~1\AppData\Local\Temp\2\</Data><Data Name='User'>LAB8\Administrator</Data><Data Name='LogonGuid'>{b8c205e9-d810-68b8-e368-100000000000}</Data><Data Name='LogonId'>0x1068e3</Data><Data Name='TerminalSessionId'>2</Data><Data Name='IntegrityLevel'>High</Data><Data Name='Hashes'>MD5=E7A6B1F51EFB405287A8048CFA4690F4,SHA256=EB71EA69DD19F728AB9240565E8C7EFB59821E19E3788E289301E1E74940C208,IMPHASH=D60B77062898DC6BFAE7FE11A0F8806C</Data><Data Name='ParentProcessGuid'>{b8c205e9-b225-68b9-cd27-000000000500}</Data><Data Name='ParentProcessId'>4600</Data><Data Name='ParentImage'>C:\Windows\System32\WindowsPowerShell\v1.0\powershell.exe</Data><Data Name='ParentCommandLine'>"C:\Windows\System32\WindowsPowerShell\v1.0\powershell.exe" </Data><Data Name='ParentUser'>LAB8\Administrator</Data></EventData></Event>
<Event xmlns='http://schemas.microsoft.com/win/2004/08/events/event'><System><Provider Name='Microsoft-Windows-Sysmon' Guid='{5770385f-c22a-43e0-bf4c-06f5698ffbd9}'/><EventID>1</EventID><Version>5</Version><Level>4</Level><Task>1</Task><Opcode>0</Opcode><Keywords>0x8000000000000000</Keywords><TimeCreated SystemTime='2025-09-04T18:22:59.5492649Z'/><EventRecordID>20143</EventRecordID><Correlation/><Execution ProcessID='2724' ThreadID='3704'/><Channel>Microsoft-Windows-Sysmon/Operational</Channel><Computer>LAB8</Computer><Security UserID='S-1-5-18'/></System><EventData><Data Name='RuleName'>-</Data><Data Name='UtcTime'>2025-09-04 18:22:59.548</Data><Data Name='ProcessGuid'>{b8c205e9-d903-68b9-b72e-000000000500}</Data><Data Name='ProcessId'>5648</Data><Data Name='Image'>C:\Windows\System32\cmd.exe</Data><Data Name='FileVersion'>10.0.20348.1 (WinBuild.160101.0800)</Data><Data Name='Description'>Windows Command Processor</Data><Data Name='Product'>Microsoft® Windows® Operating System</Data><Data Name='Company'>Microsoft Corporation</Data><Data Name='OriginalFileName'>Cmd.Exe</Data><Data Name='CommandLine'>"cmd.exe" /c net user /domain &amp; net group /domain</Data><Data Name='CurrentDirectory'>C:\Users\ADMINI~1\AppData\Local\Temp\2\</Data><Data Name='User'>LAB8\Administrator</Data><Data Name='LogonGuid'>{b8c205e9-d810-68b8-e368-100000000000}</Data><Data Name='LogonId'>0x1068e3</Data><Data Name='TerminalSessionId'>2</Data><Data Name='IntegrityLevel'>High</Data><Data Name='Hashes'>MD5=E7A6B1F51EFB405287A8048CFA4690F4,SHA256=EB71EA69DD19F728AB9240565E8C7EFB59821E19E3788E289301E1E74940C208,IMPHASH=D60B77062898DC6BFAE7FE11A0F8806C</Data><Data Name='ParentProcessGuid'>{b8c205e9-b225-68b9-cd27-000000000500}</Data><Data Name='ParentProcessId'>4600</Data><Data Name='ParentImage'>C:\Windows\System32\WindowsPowerShell\v1.0\powershell.exe</Data><Data Name='ParentCommandLine'>"C:\Windows\System32\WindowsPowerShell\v1.0\powershell.exe" </Data><Data Name='ParentUser'>LAB8\Administrator</Data></EventData></Event>
