<Event xmlns='http://schemas.microsoft.com/win/2004/08/events/event'><System><Provider Name='Microsoft-Windows-Sysmon' Guid='{5770385f-c22a-43e0-bf4c-06f5698ffbd9}'/><EventID>1</EventID><Version>5</Version><Level>4</Level><Task>1</Task><Opcode>0</Opcode><Keywords>0x8000000000000000</Keywords><TimeCreated SystemTime='2025-09-04T18:50:29.8502977Z'/><EventRecordID>21587</EventRecordID><Correlation/><Execution ProcessID='2724' ThreadID='3704'/><Channel>Microsoft-Windows-Sysmon/Operational</Channel><Computer>LAB8</Computer><Security UserID='S-1-5-18'/></System><EventData><Data Name='RuleName'>-</Data><Data Name='UtcTime'>2025-09-04 18:50:29.849</Data><Data Name='ProcessGuid'>{b8c205e9-df75-68b9-6530-000000000500}</Data><Data Name='ProcessId'>6012</Data><Data Name='Image'>C:\Windows\SysWOW64\regsvr32.exe</Data><Data Name='FileVersion'>10.0.20348.1 (WinBuild.160101.0800)</Data><Data Name='Description'>Microsoft(C) Register Server</Data><Data Name='Product'>Microsoft® Windows® Operating System</Data><Data Name='Company'>Microsoft Corporation</Data><Data Name='OriginalFileName'>REGSVR32.EXE</Data><Data Name='CommandLine'>C:\Windows\syswow64\regsvr32.exe  /s bafdf3_AllTheThingsx86.dll</Data><Data Name='CurrentDirectory'>C:\Windows\system32\</Data><Data Name='User'>LAB8\Administrator</Data><Data Name='LogonGuid'>{b8c205e9-d760-68b8-6fde-0b0000000000}</Data><Data Name='LogonId'>0xbde6f</Data><Data Name='TerminalSessionId'>0</Data><Data Name='IntegrityLevel'>High</Data><Data Name='Hashes'>MD5=360557D3E23C98E5CA4435A49DE1AABD,SHA256=7E4DCADC6F0CCBC1BB4213E1813F0C820191022034F02F372B4989A579A4D07A,IMPHASH=73F03653209E82368127EB826216A6AD</Data><Data Name='ParentProcessGuid'>{b8c205e9-df75-68b9-6430-000000000500}</Data><Data Name='ParentProcessId'>7392</Data><Data Name='ParentImage'>C:\Windows\System32\cmd.exe</Data><Data Name='ParentCommandLine'>cmd.exe /C IF "%PROCESSOR_ARCHITECTURE%"=="AMD64" (C:\Windows\syswow64\regsvr32.exe /s bafdf3_AllTheThingsx86.dll) ELSE ( C:\Windows\system32\regsvr32.exe /s bafdf3_AllTheThingsx86.dll )</Data><Data Name='ParentUser'>LAB8\Administrator</Data></EventData></Event>
<Event xmlns='http://schemas.microsoft.com/win/2004/08/events/event'><System><Provider Name='Microsoft-Windows-Sysmon' Guid='{5770385f-c22a-43e0-bf4c-06f5698ffbd9}'/><EventID>1</EventID><Version>5</Version><Level>4</Level><Task>1</Task><Opcode>0</Opcode><Keywords>0x8000000000000000</Keywords><TimeCreated SystemTime='2025-09-04T18:34:55.0491950Z'/><EventRecordID>20369</EventRecordID><Correlation/><Execution ProcessID='2724' ThreadID='3704'/><Channel>Microsoft-Windows-Sysmon/Operational</Channel><Computer>LAB8</Computer><Security UserID='S-1-5-18'/></System><EventData><Data Name='RuleName'>-</Data><Data Name='UtcTime'>2025-09-04 18:34:55.048</Data><Data Name='ProcessGuid'>{b8c205e9-dbcf-68b9-5c2f-000000000500}</Data><Data Name='ProcessId'>5616</Data><Data Name='Image'>C:\Windows\SysWOW64\regsvr32.exe</Data><Data Name='FileVersion'>10.0.20348.1 (WinBuild.160101.0800)</Data><Data Name='Description'>Microsoft(C) Register Server</Data><Data Name='Product'>Microsoft® Windows® Operating System</Data><Data Name='Company'>Microsoft Corporation</Data><Data Name='OriginalFileName'>REGSVR32.EXE</Data><Data Name='CommandLine'>C:\Windows\syswow64\regsvr32.exe  /s bafdf3_AllTheThingsx86.dll</Data><Data Name='CurrentDirectory'>C:\Windows\system32\</Data><Data Name='User'>LAB8\Administrator</Data><Data Name='LogonGuid'>{b8c205e9-d760-68b8-6fde-0b0000000000}</Data><Data Name='LogonId'>0xbde6f</Data><Data Name='TerminalSessionId'>0</Data><Data Name='IntegrityLevel'>High</Data><Data Name='Hashes'>MD5=360557D3E23C98E5CA4435A49DE1AABD,SHA256=7E4DCADC6F0CCBC1BB4213E1813F0C820191022034F02F372B4989A579A4D07A,IMPHASH=73F03653209E82368127EB826216A6AD</Data><Data Name='ParentProcessGuid'>{b8c205e9-dbcf-68b9-5b2f-000000000500}</Data><Data Name='ParentProcessId'>3524</Data><Data Name='ParentImage'>C:\Windows\System32\cmd.exe</Data><Data Name='ParentCommandLine'>cmd.exe /C IF "%PROCESSOR_ARCHITECTURE%"=="AMD64" (C:\Windows\syswow64\regsvr32.exe /s bafdf3_AllTheThingsx86.dll) ELSE ( C:\Windows\system32\regsvr32.exe /s bafdf3_AllTheThingsx86.dll )</Data><Data Name='ParentUser'>LAB8\Administrator</Data></EventData></Event>
<Event xmlns='http://schemas.microsoft.com/win/2004/08/events/event'><System><Provider Name='Microsoft-Windows-Sysmon' Guid='{5770385f-c22a-43e0-bf4c-06f5698ffbd9}'/><EventID>1</EventID><Version>5</Version><Level>4</Level><Task>1</Task><Opcode>0</Opcode><Keywords>0x8000000000000000</Keywords><TimeCreated SystemTime='2025-09-04T18:34:52.0611819Z'/><EventRecordID>20366</EventRecordID><Correlation/><Execution ProcessID='2724' ThreadID='3704'/><Channel>Microsoft-Windows-Sysmon/Operational</Channel><Computer>LAB8</Computer><Security UserID='S-1-5-18'/></System><EventData><Data Name='RuleName'>-</Data><Data Name='UtcTime'>2025-09-04 18:34:52.060</Data><Data Name='ProcessGuid'>{b8c205e9-dbcc-68b9-5a2f-000000000500}</Data><Data Name='ProcessId'>3728</Data><Data Name='Image'>C:\Windows\SysWOW64\regsvr32.exe</Data><Data Name='FileVersion'>10.0.20348.1 (WinBuild.160101.0800)</Data><Data Name='Description'>Microsoft(C) Register Server</Data><Data Name='Product'>Microsoft® Windows® Operating System</Data><Data Name='Company'>Microsoft Corporation</Data><Data Name='OriginalFileName'>REGSVR32.EXE</Data><Data Name='CommandLine'>C:\Windows\syswow64\regsvr32.exe  /s bafdf3_AllTheThingsx86.dll</Data><Data Name='CurrentDirectory'>C:\Windows\system32\</Data><Data Name='User'>LAB8\Administrator</Data><Data Name='LogonGuid'>{b8c205e9-d760-68b8-6fde-0b0000000000}</Data><Data Name='LogonId'>0xbde6f</Data><Data Name='TerminalSessionId'>0</Data><Data Name='IntegrityLevel'>High</Data><Data Name='Hashes'>MD5=360557D3E23C98E5CA4435A49DE1AABD,SHA256=7E4DCADC6F0CCBC1BB4213E1813F0C820191022034F02F372B4989A579A4D07A,IMPHASH=73F03653209E82368127EB826216A6AD</Data><Data Name='ParentProcessGuid'>{b8c205e9-dbcc-68b9-592f-000000000500}</Data><Data Name='ParentProcessId'>932</Data><Data Name='ParentImage'>C:\Windows\System32\cmd.exe</Data><Data Name='ParentCommandLine'>cmd.exe /C IF "%PROCESSOR_ARCHITECTURE%"=="AMD64" (C:\Windows\syswow64\regsvr32.exe /s bafdf3_AllTheThingsx86.dll) ELSE ( C:\Windows\system32\regsvr32.exe /s bafdf3_AllTheThingsx86.dll )</Data><Data Name='ParentUser'>LAB8\Administrator</Data></EventData></Event>
<Event xmlns='http://schemas.microsoft.com/win/2004/08/events/event'><System><Provider Name='Microsoft-Windows-Sysmon' Guid='{5770385f-c22a-43e0-bf4c-06f5698ffbd9}'/><EventID>1</EventID><Version>5</Version><Level>4</Level><Task>1</Task><Opcode>0</Opcode><Keywords>0x8000000000000000</Keywords><TimeCreated SystemTime='2025-09-04T18:11:00.4969781Z'/><EventRecordID>19923</EventRecordID><Correlation/><Execution ProcessID='2724' ThreadID='3704'/><Channel>Microsoft-Windows-Sysmon/Operational</Channel><Computer>LAB8</Computer><Security UserID='S-1-5-18'/></System><EventData><Data Name='RuleName'>-</Data><Data Name='UtcTime'>2025-09-04 18:11:00.496</Data><Data Name='ProcessGuid'>{b8c205e9-d634-68b9-1f2e-000000000500}</Data><Data Name='ProcessId'>1000</Data><Data Name='Image'>C:\Windows\SysWOW64\regsvr32.exe</Data><Data Name='FileVersion'>10.0.20348.1 (WinBuild.160101.0800)</Data><Data Name='Description'>Microsoft(C) Register Server</Data><Data Name='Product'>Microsoft® Windows® Operating System</Data><Data Name='Company'>Microsoft Corporation</Data><Data Name='OriginalFileName'>REGSVR32.EXE</Data><Data Name='CommandLine'>C:\Windows\syswow64\regsvr32.exe  /s C:\AtomicRedTeam\atomics\T1218.010\bin\AllTheThingsx86.dll</Data><Data Name='CurrentDirectory'>C:\Users\ADMINI~1\AppData\Local\Temp\2\</Data><Data Name='User'>LAB8\Administrator</Data><Data Name='LogonGuid'>{b8c205e9-d810-68b8-e368-100000000000}</Data><Data Name='LogonId'>0x1068e3</Data><Data Name='TerminalSessionId'>2</Data><Data Name='IntegrityLevel'>High</Data><Data Name='Hashes'>MD5=360557D3E23C98E5CA4435A49DE1AABD,SHA256=7E4DCADC6F0CCBC1BB4213E1813F0C820191022034F02F372B4989A579A4D07A,IMPHASH=73F03653209E82368127EB826216A6AD</Data><Data Name='ParentProcessGuid'>{b8c205e9-d634-68b9-1d2e-000000000500}</Data><Data Name='ParentProcessId'>724</Data><Data Name='ParentImage'>C:\Windows\System32\cmd.exe</Data><Data Name='ParentCommandLine'>"cmd.exe" /c IF "%PROCESSOR_ARCHITECTURE%"=="AMD64" (C:\Windows\syswow64\regsvr32.exe /s C:\AtomicRedTeam\atomics\T1218.010\bin\AllTheThingsx86.dll) ELSE ( C:\Windows\system32\regsvr32.exe /s C:\AtomicRedTeam\atomics\T1218.010\bin\AllTheThingsx86.dll )</Data><Data Name='ParentUser'>LAB8\Administrator</Data></EventData></Event>
